\BOOKMARK [0][-]{chapter.1}{Overview}{}
\BOOKMARK [1][-]{section.1.1}{YAKINDU Statechart Tools}{chapter.1}
\BOOKMARK [2][-]{subsection.1.1.1}{YAKINDU and Eclipse}{section.1.1}
\BOOKMARK [2][-]{subsection.1.1.2}{Status, Warranty and License}{section.1.1}
\BOOKMARK [2][-]{subsection.1.1.3}{Eclipse Public License}{section.1.1}
\BOOKMARK [2][-]{subsection.1.1.4}{Tool architecture}{section.1.1}
\BOOKMARK [0][-]{chapter.2}{Installation}{}
\BOOKMARK [1][-]{section.2.1}{Eclipse Installation}{chapter.2}
\BOOKMARK [1][-]{section.2.2}{Installing the YAKINDU-Plugins}{chapter.2}
\BOOKMARK [1][-]{section.2.3}{Installing from Zip}{chapter.2}
\BOOKMARK [0][-]{chapter.3}{Statechart Modelling and Simulation}{}
\BOOKMARK [1][-]{section.3.1}{The YAKINDU Perspective}{chapter.3}
\BOOKMARK [1][-]{section.3.2}{Example Step by Step}{chapter.3}
\BOOKMARK [2][-]{subsection.3.2.1}{Example State Machine}{section.3.2}
\BOOKMARK [2][-]{subsection.3.2.2}{Creating a new Project}{section.3.2}
\BOOKMARK [2][-]{subsection.3.2.3}{Defining a State Machine}{section.3.2}
\BOOKMARK [2][-]{subsection.3.2.4}{Checking the State Machine}{section.3.2}
\BOOKMARK [2][-]{subsection.3.2.5}{Project type and dependencies}{section.3.2}
\BOOKMARK [2][-]{subsection.3.2.6}{Create check files}{section.3.2}
\BOOKMARK [2][-]{subsection.3.2.7}{Editing check files}{section.3.2}
\BOOKMARK [2][-]{subsection.3.2.8}{Simulating a State Machine}{section.3.2}
\BOOKMARK [1][-]{section.3.3}{Using Example Projects}{chapter.3}
\BOOKMARK [0][-]{chapter.4}{C-Code Generator}{}
\BOOKMARK [1][-]{section.4.1}{Introduction}{chapter.4}
\BOOKMARK [1][-]{section.4.2}{Example Scenario}{chapter.4}
\BOOKMARK [1][-]{section.4.3}{Starting the workflow}{chapter.4}
\BOOKMARK [1][-]{section.4.4}{Code Integration into an Existing Project}{chapter.4}
\BOOKMARK [1][-]{section.4.5}{State Machine Access}{chapter.4}
\BOOKMARK [1][-]{section.4.6}{Operating System and Drivers for the Example Device}{chapter.4}
\BOOKMARK [0][-]{chapter.5}{Java-Code Generator}{}
\BOOKMARK [1][-]{section.5.1}{Introduction}{chapter.5}
\BOOKMARK [1][-]{section.5.2}{Setting Up The Example Project}{chapter.5}
\BOOKMARK [1][-]{section.5.3}{Generating Source Code}{chapter.5}
\BOOKMARK [2][-]{subsection.5.3.1}{Create Xtend Project}{section.5.3}
\BOOKMARK [2][-]{subsection.5.3.2}{Manage Dependencies}{section.5.3}
\BOOKMARK [2][-]{subsection.5.3.3}{Create MWE Workflow File}{section.5.3}
\BOOKMARK [2][-]{subsection.5.3.4}{Execute MWE Workflow}{section.5.3}
\BOOKMARK [1][-]{section.5.4}{The Generated Source Code}{chapter.5}
\BOOKMARK [1][-]{section.5.5}{Integrating Generated Java Code}{chapter.5}
\BOOKMARK [0][-]{chapter.6}{UML Transformation}{}
\BOOKMARK [1][-]{section.6.1}{Introduction}{chapter.6}
\BOOKMARK [1][-]{section.6.2}{UML2 model}{chapter.6}
\BOOKMARK [1][-]{section.6.3}{The example project}{chapter.6}
\BOOKMARK [1][-]{section.6.4}{How does it work}{chapter.6}
\BOOKMARK [2][-]{subsection.6.4.1}{Name mapping}{section.6.4}
\BOOKMARK [2][-]{subsection.6.4.2}{New elements}{section.6.4}
\BOOKMARK [2][-]{subsection.6.4.3}{Limitations}{section.6.4}
\BOOKMARK [2][-]{subsection.6.4.4}{Transformation Cartridge}{section.6.4}
\BOOKMARK [1][-]{section.6.5}{Extending an UML2 state machine}{chapter.6}
